# JRE version: OpenJDK Runtime Environment (11.0.14+9) (build 11.0.14+9-LTS)
# Java VM: OpenJDK 64-Bit Server VM (11.0.14+9-LTS, mixed mode, tiered, compressed oops, g1 gc, bsd-aarch64)
Heap:
 garbage-first heap   total 524288K, used 37381K [0x00000005c0000000, 0x00000007c0000000)
  region size 2048K, 16 young (32768K), 4 survivors (8192K)
 Metaspace       used 42721K, capacity 43618K, committed 43728K, reserved 1087488K
  class space    used 5138K, capacity 5467K, committed 5504K, reserved 1048576K
GC Heap History (12 events):
Event: 0.499 GC heap before
{Heap before GC invocations=0 (full 0):
 garbage-first heap   total 524288K, used 22528K [0x00000005c0000000, 0x00000007c0000000)
  region size 2048K, 12 young (24576K), 0 survivors (0K)
 Metaspace       used 11456K, capacity 11777K, committed 12032K, reserved 1060864K
  class space    used 1122K, capacity 1276K, committed 1280K, reserved 1048576K
}
Event: 0.503 GC heap after
{Heap after GC invocations=1 (full 0):
 garbage-first heap   total 524288K, used 5353K [0x00000005c0000000, 0x00000007c0000000)
  region size 2048K, 2 young (4096K), 2 survivors (4096K)
 Metaspace       used 11456K, capacity 11777K, committed 12032K, reserved 1060864K
  class space    used 1122K, capacity 1276K, committed 1280K, reserved 1048576K
}
Event: 22.899 GC heap before
{Heap before GC invocations=1 (full 0):
 garbage-first heap   total 524288K, used 46313K [0x00000005c0000000, 0x00000007c0000000)
  region size 2048K, 23 young (47104K), 2 survivors (4096K)
 Metaspace       used 20426K, capacity 21134K, committed 21296K, reserved 1069056K
  class space    used 2307K, capacity 2613K, committed 2688K, reserved 1048576K
}
Event: 22.903 GC heap after
{Heap after GC invocations=2 (full 0):
 garbage-first heap   total 524288K, used 8842K [0x00000005c0000000, 0x00000007c0000000)
  region size 2048K, 4 young (8192K), 4 survivors (8192K)
 Metaspace       used 20426K, capacity 21134K, committed 21296K, reserved 1069056K
  class space    used 2307K, capacity 2613K, committed 2688K, reserved 1048576K
}
Event: 26.113 GC heap before
{Heap before GC invocations=3 (full 0):
 garbage-first heap   total 524288K, used 53898K [0x00000005c0000000, 0x00000007c0000000)
  region size 2048K, 26 young (53248K), 4 survivors (8192K)
 Metaspace       used 27244K, capacity 27997K, committed 28080K, reserved 1075200K
  class space    used 3017K, capacity 3318K, committed 3328K, reserved 1048576K
}
Event: 26.116 GC heap after
{Heap after GC invocations=4 (full 0):
 garbage-first heap   total 524288K, used 11399K [0x00000005c0000000, 0x00000007c0000000)
  region size 2048K, 3 young (6144K), 3 survivors (6144K)
 Metaspace       used 27244K, capacity 27997K, committed 28080K, reserved 1075200K
  class space    used 3017K, capacity 3318K, committed 3328K, reserved 1048576K
}
Event: 27.818 GC heap before
{Heap before GC invocations=4 (full 0):
 garbage-first heap   total 524288K, used 74887K [0x00000005c0000000, 0x00000007c0000000)
  region size 2048K, 34 young (69632K), 3 survivors (6144K)
 Metaspace       used 33208K, capacity 34051K, committed 34224K, reserved 1079296K
  class space    used 3957K, capacity 4270K, committed 4352K, reserved 1048576K
}
Event: 27.821 GC heap after
{Heap after GC invocations=5 (full 0):
 garbage-first heap   total 524288K, used 12767K [0x00000005c0000000, 0x00000007c0000000)
  region size 2048K, 2 young (4096K), 2 survivors (4096K)
 Metaspace       used 33208K, capacity 34051K, committed 34224K, reserved 1079296K
  class space    used 3957K, capacity 4270K, committed 4352K, reserved 1048576K
}
Event: 27.946 GC heap before
{Heap before GC invocations=5 (full 0):
 garbage-first heap   total 524288K, used 43487K [0x00000005c0000000, 0x00000007c0000000)
  region size 2048K, 18 young (36864K), 2 survivors (4096K)
 Metaspace       used 34995K, capacity 35789K, committed 35920K, reserved 1081344K
  class space    used 4265K, capacity 4567K, committed 4608K, reserved 1048576K
}
Event: 27.948 GC heap after
{Heap after GC invocations=6 (full 0):
 garbage-first heap   total 524288K, used 12940K [0x00000005c0000000, 0x00000007c0000000)
  region size 2048K, 3 young (6144K), 3 survivors (6144K)
 Metaspace       used 34995K, capacity 35789K, committed 35920K, reserved 1081344K
  class space    used 4265K, capacity 4567K, committed 4608K, reserved 1048576K
}
Event: 28.235 GC heap before
{Heap before GC invocations=7 (full 0):
 garbage-first heap   total 524288K, used 109196K [0x00000005c0000000, 0x00000007c0000000)
  region size 2048K, 50 young (102400K), 3 survivors (6144K)
 Metaspace       used 39634K, capacity 40461K, committed 40656K, reserved 1085440K
  class space    used 4888K, capacity 5207K, committed 5248K, reserved 1048576K
}
Event: 28.239 GC heap after
{Heap after GC invocations=8 (full 0):
 garbage-first heap   total 524288K, used 14853K [0x00000005c0000000, 0x00000007c0000000)
  region size 2048K, 4 young (8192K), 4 survivors (8192K)
 Metaspace       used 39634K, capacity 40461K, committed 40656K, reserved 1085440K
  class space    used 4888K, capacity 5207K, committed 5248K, reserved 1048576K
}

